  Source.cpp
c:\users\theo\desktop\mostrarhighscore_libreriacompaniero\ejercicio\source.cpp(10): warning C4244: 'argumento': conversión de 'time_t' a 'unsigned int'; posible pérdida de datos
LINK : warning LNK4098: la biblioteca predeterminada'MSVCRTD' entra en conflicto con otras bibliotecas; use la biblioteca /NODEFAULTLIB:biblioteca
  Generando código
  1 of 194 functions ( 0.5%) were compiled, the rest were copied from previous compilation.
    0 functions were new in current compilation
    0 functions had inline decision re-evaluated but remain unchanged
  Generación de código finalizada
ScoreLib-release.lib(Score.obj) : warning LNK4099: no se encontró PDB 'ScoreLib.pdb' con 'ScoreLib-release.lib(Score.obj)' o en 'C:\Users\Theo\Desktop\MostrarHighScore_LibreriaCompaniero\Release\ScoreLib.pdb'; se vinculará el objeto sin tener en cuenta información de depuración
ScoreLib-release.lib(ScoreManager.obj) : warning LNK4099: no se encontró PDB 'ScoreLib.pdb' con 'ScoreLib-release.lib(ScoreManager.obj)' o en 'C:\Users\Theo\Desktop\MostrarHighScore_LibreriaCompaniero\Release\ScoreLib.pdb'; se vinculará el objeto sin tener en cuenta información de depuración
raylib_static.lib(core.obj) : warning LNK4099: no se encontró PDB 'raylib_static.pdb' con 'raylib_static.lib(core.obj)' o en 'C:\Users\Theo\Desktop\MostrarHighScore_LibreriaCompaniero\Release\raylib_static.pdb'; se vinculará el objeto sin tener en cuenta información de depuración
raylib_static.lib(shapes.obj) : warning LNK4099: no se encontró PDB 'raylib_static.pdb' con 'raylib_static.lib(shapes.obj)' o en 'C:\Users\Theo\Desktop\MostrarHighScore_LibreriaCompaniero\Release\raylib_static.pdb'; se vinculará el objeto sin tener en cuenta información de depuración
raylib_static.lib(text.obj) : warning LNK4099: no se encontró PDB 'raylib_static.pdb' con 'raylib_static.lib(text.obj)' o en 'C:\Users\Theo\Desktop\MostrarHighScore_LibreriaCompaniero\Release\raylib_static.pdb'; se vinculará el objeto sin tener en cuenta información de depuración
raylib_static.lib(textures.obj) : warning LNK4099: no se encontró PDB 'raylib_static.pdb' con 'raylib_static.lib(textures.obj)' o en 'C:\Users\Theo\Desktop\MostrarHighScore_LibreriaCompaniero\Release\raylib_static.pdb'; se vinculará el objeto sin tener en cuenta información de depuración
raylib_static.lib(utils.obj) : warning LNK4099: no se encontró PDB 'raylib_static.pdb' con 'raylib_static.lib(utils.obj)' o en 'C:\Users\Theo\Desktop\MostrarHighScore_LibreriaCompaniero\Release\raylib_static.pdb'; se vinculará el objeto sin tener en cuenta información de depuración
raylib_static.lib(context.obj) : warning LNK4099: no se encontró PDB 'glfw_objlib.pdb' con 'raylib_static.lib(context.obj)' o en 'C:\Users\Theo\Desktop\MostrarHighScore_LibreriaCompaniero\Release\glfw_objlib.pdb'; se vinculará el objeto sin tener en cuenta información de depuración
raylib_static.lib(init.obj) : warning LNK4099: no se encontró PDB 'glfw_objlib.pdb' con 'raylib_static.lib(init.obj)' o en 'C:\Users\Theo\Desktop\MostrarHighScore_LibreriaCompaniero\Release\glfw_objlib.pdb'; se vinculará el objeto sin tener en cuenta información de depuración
raylib_static.lib(input.obj) : warning LNK4099: no se encontró PDB 'glfw_objlib.pdb' con 'raylib_static.lib(input.obj)' o en 'C:\Users\Theo\Desktop\MostrarHighScore_LibreriaCompaniero\Release\glfw_objlib.pdb'; se vinculará el objeto sin tener en cuenta información de depuración
raylib_static.lib(monitor.obj) : warning LNK4099: no se encontró PDB 'glfw_objlib.pdb' con 'raylib_static.lib(monitor.obj)' o en 'C:\Users\Theo\Desktop\MostrarHighScore_LibreriaCompaniero\Release\glfw_objlib.pdb'; se vinculará el objeto sin tener en cuenta información de depuración
raylib_static.lib(vulkan.obj) : warning LNK4099: no se encontró PDB 'glfw_objlib.pdb' con 'raylib_static.lib(vulkan.obj)' o en 'C:\Users\Theo\Desktop\MostrarHighScore_LibreriaCompaniero\Release\glfw_objlib.pdb'; se vinculará el objeto sin tener en cuenta información de depuración
raylib_static.lib(window.obj) : warning LNK4099: no se encontró PDB 'glfw_objlib.pdb' con 'raylib_static.lib(window.obj)' o en 'C:\Users\Theo\Desktop\MostrarHighScore_LibreriaCompaniero\Release\glfw_objlib.pdb'; se vinculará el objeto sin tener en cuenta información de depuración
raylib_static.lib(win32_init.obj) : warning LNK4099: no se encontró PDB 'glfw_objlib.pdb' con 'raylib_static.lib(win32_init.obj)' o en 'C:\Users\Theo\Desktop\MostrarHighScore_LibreriaCompaniero\Release\glfw_objlib.pdb'; se vinculará el objeto sin tener en cuenta información de depuración
raylib_static.lib(win32_joystick.obj) : warning LNK4099: no se encontró PDB 'glfw_objlib.pdb' con 'raylib_static.lib(win32_joystick.obj)' o en 'C:\Users\Theo\Desktop\MostrarHighScore_LibreriaCompaniero\Release\glfw_objlib.pdb'; se vinculará el objeto sin tener en cuenta información de depuración
raylib_static.lib(win32_monitor.obj) : warning LNK4099: no se encontró PDB 'glfw_objlib.pdb' con 'raylib_static.lib(win32_monitor.obj)' o en 'C:\Users\Theo\Desktop\MostrarHighScore_LibreriaCompaniero\Release\glfw_objlib.pdb'; se vinculará el objeto sin tener en cuenta información de depuración
raylib_static.lib(win32_time.obj) : warning LNK4099: no se encontró PDB 'glfw_objlib.pdb' con 'raylib_static.lib(win32_time.obj)' o en 'C:\Users\Theo\Desktop\MostrarHighScore_LibreriaCompaniero\Release\glfw_objlib.pdb'; se vinculará el objeto sin tener en cuenta información de depuración
raylib_static.lib(win32_thread.obj) : warning LNK4099: no se encontró PDB 'glfw_objlib.pdb' con 'raylib_static.lib(win32_thread.obj)' o en 'C:\Users\Theo\Desktop\MostrarHighScore_LibreriaCompaniero\Release\glfw_objlib.pdb'; se vinculará el objeto sin tener en cuenta información de depuración
raylib_static.lib(win32_window.obj) : warning LNK4099: no se encontró PDB 'glfw_objlib.pdb' con 'raylib_static.lib(win32_window.obj)' o en 'C:\Users\Theo\Desktop\MostrarHighScore_LibreriaCompaniero\Release\glfw_objlib.pdb'; se vinculará el objeto sin tener en cuenta información de depuración
raylib_static.lib(wgl_context.obj) : warning LNK4099: no se encontró PDB 'glfw_objlib.pdb' con 'raylib_static.lib(wgl_context.obj)' o en 'C:\Users\Theo\Desktop\MostrarHighScore_LibreriaCompaniero\Release\glfw_objlib.pdb'; se vinculará el objeto sin tener en cuenta información de depuración
raylib_static.lib(egl_context.obj) : warning LNK4099: no se encontró PDB 'glfw_objlib.pdb' con 'raylib_static.lib(egl_context.obj)' o en 'C:\Users\Theo\Desktop\MostrarHighScore_LibreriaCompaniero\Release\glfw_objlib.pdb'; se vinculará el objeto sin tener en cuenta información de depuración
raylib_static.lib(osmesa_context.obj) : warning LNK4099: no se encontró PDB 'glfw_objlib.pdb' con 'raylib_static.lib(osmesa_context.obj)' o en 'C:\Users\Theo\Desktop\MostrarHighScore_LibreriaCompaniero\Release\glfw_objlib.pdb'; se vinculará el objeto sin tener en cuenta información de depuración
  Ejercicio.vcxproj -> C:\Users\Theo\Desktop\MostrarHighScore_LibreriaCompaniero\Release\Ejercicio.exe
